\BOOKMARK [1][-]{section.1}{\376\377\000L\000o\000g\000i\000s\000t\000i\000c\000\040\000R\000e\000g\000r\000e\000s\000s\000i\000o\000n}{}% 1
\BOOKMARK [2][-]{subsection.1.1}{\376\377\0001}{section.1}% 2
\BOOKMARK [2][-]{subsection.1.2}{\376\377\0002}{section.1}% 3
\BOOKMARK [2][-]{subsection.1.3}{\376\377\0003}{section.1}% 4
\BOOKMARK [1][-]{section.2}{\376\377\000P\000o\000s\000s\000i\000o\000n\000\040\000R\000e\000g\000r\000e\000s\000s\000i\000o\000n}{}% 5
\BOOKMARK [2][-]{subsection.2.1}{\376\377\0001}{section.2}% 6
\BOOKMARK [2][-]{subsection.2.2}{\376\377\0002}{section.2}% 7
\BOOKMARK [2][-]{subsection.2.3}{\376\377\0003}{section.2}% 8
\BOOKMARK [2][-]{subsection.2.4}{\376\377\0004}{section.2}% 9
\BOOKMARK [1][-]{section.3}{\376\377\000G\000a\000u\000s\000s\000i\000a\000n\000\040\000D\000i\000s\000c\000r\000i\000m\000i\000n\000a\000n\000t\000\040\000A\000n\000a\000l\000y\000s\000i\000s}{}% 10
\BOOKMARK [2][-]{subsection.3.1}{\376\377\0001}{section.3}% 11
\BOOKMARK [2][-]{subsection.3.2}{\376\377\0002}{section.3}% 12
\BOOKMARK [2][-]{subsection.3.3}{\376\377\0003}{section.3}% 13
\BOOKMARK [1][-]{section.4}{\376\377\000L\000i\000n\000e\000a\000r\000\040\000i\000n\000v\000a\000r\000i\000a\000n\000c\000e\000\040\000o\000f\000\040\000o\000p\000t\000i\000m\000i\000z\000a\000t\000i\000o\000n\000\040\000a\000l\000g\000o\000r\000i\000t\000h\000m}{}% 14
\BOOKMARK [2][-]{subsection.4.1}{\376\377\0001}{section.4}% 15
\BOOKMARK [2][-]{subsection.4.2}{\376\377\0002}{section.4}% 16
\BOOKMARK [1][-]{section.5}{\376\377\000R\000e\000g\000r\000e\000s\000s\000i\000o\000n\000\040\000f\000o\000r\000\040\000D\000e\000n\000o\000i\000s\000i\000n\000g\000\040\000Q\000u\000a\000s\000a\000r\000\040\000S\000p\000e\000c\000t\000r\000a}{}% 17
\BOOKMARK [2][-]{subsection.5.1}{}{section.5}% 18
\BOOKMARK [3][-]{subsubsection.5.1.1}{}{subsection.5.1}% 19
\BOOKMARK [3][-]{subsubsection.5.1.2}{}{subsection.5.1}% 20
\BOOKMARK [3][-]{subsubsection.5.1.3}{}{subsection.5.1}% 21
\BOOKMARK [2][-]{subsection.5.2}{\376\377\0002}{section.5}% 22
\BOOKMARK [3][-]{subsubsection.5.2.1}{\376\377\0001}{subsection.5.2}% 23
\BOOKMARK [3][-]{subsubsection.5.2.2}{\376\377\0002}{subsection.5.2}% 24
\BOOKMARK [1][-]{section.6}{\376\377\0003}{}% 25
